<?xml version="1.0" encoding="UTF-8"?>
<!-- Generated by org.testng.reporters.JUnitXMLReporter -->
<testsuite ignored="0" hostname="HP" failures="0" tests="3" name="Default test" time="32.82" errors="0" timestamp="2025-08-31T23:05:24 IST">
  <testcase classname="tests.MoviePageTest" name="testMovieSelectRunningMovie" time="5.062"/>
  <testcase classname="tests.MoviePageTest" name="testTopMenuNavigation" time="16.317"/>
  <testcase classname="tests.MoviePageTest" name="testUpcomingAndNowShowing" time="2.74"/>
</testsuite> <!-- Default test -->
