<?xml version="1.0" encoding="UTF-8"?>
<!-- Generated by org.testng.reporters.JUnitXMLReporter -->
<testsuite ignored="0" hostname="HP" failures="0" tests="3" name="Default test" time="78.284" errors="0" timestamp="2025-09-11T19:39:51 IST">
  <testcase classname="tests.MovieTest" name="testSelectRunningMovie" time="2.45"/>
  <testcase classname="tests.MovieTest" name="testTopMenuNavigate" time="14.812"/>
  <testcase classname="tests.MovieTest" name="testUpcomingAndNowShowing" time="1.632"/>
</testsuite> <!-- Default test -->
