<?xml version="1.0" encoding="UTF-8"?>
<!-- Generated by org.testng.reporters.JUnitXMLReporter -->
<testsuite ignored="0" hostname="HP" failures="0" tests="4" name="LoginTest" time="19.426" errors="0" timestamp="2025-08-31T22:08:10 IST">
  <testcase classname="tests.LoginTest" name="selectCity" time="7.848"/>
  <testcase classname="tests.LoginTest" name="signIn" time="0.354"/>
  <testcase classname="tests.LoginTest" name="loginWithValidMobileAndOTP" time="6.58"/>
  <testcase classname="tests.LoginTest" name="loginWithInvalidMobile" time="0.717"/>
</testsuite> <!-- LoginTest -->
