<?xml version="1.0" encoding="UTF-8"?>
<!-- Generated by org.testng.reporters.JUnitXMLReporter -->
<testsuite ignored="0" hostname="HP" failures="0" tests="4" name="LoginTest" time="9.604" errors="0" timestamp="2025-09-01T11:53:01 IST">
  <testcase classname="tests.LoginTest" name="selectCity" time="3.235"/>
  <testcase classname="tests.LoginTest" name="signIn" time="0.14"/>
  <testcase classname="tests.LoginTest" name="loginWithValidMobileAndOTP" time="0.864"/>
  <testcase classname="tests.LoginTest" name="loginWithInvalidMobile" time="0.339"/>
</testsuite> <!-- LoginTest -->
