<?xml version="1.0" encoding="UTF-8"?>
<!-- Generated by org.testng.reporters.JUnitXMLReporter -->
<testsuite ignored="0" hostname="HP" failures="0" tests="2" name="GiftCardTest(failed)" time="2.821" errors="0" timestamp="2025-08-31T22:10:04 IST">
  <testcase classname="tests.GiftCardTest" name="testCheckGiftCardBalanceIconVisible" time="0.0">
    <skipped/>
  </testcase> <!-- testCheckGiftCardBalanceIconVisible -->
  <testcase classname="tests.GiftCardTest" name="testInvalidVoucherShowsErrorMessage" time="0.0">
    <skipped/>
  </testcase> <!-- testInvalidVoucherShowsErrorMessage -->
</testsuite> <!-- GiftCardTest(failed) -->
