<?xml version="1.0" encoding="UTF-8"?>
<!-- Generated by org.testng.reporters.JUnitXMLReporter -->
<testsuite ignored="0" hostname="HP" failures="0" tests="3" name="MoviePageTest(failed)" time="0.056" errors="0" timestamp="2025-08-31T22:10:04 IST">
  <testcase classname="tests.MoviePageTest" name="testTopMenuNavigation" time="0.0">
    <skipped/>
  </testcase> <!-- testTopMenuNavigation -->
  <testcase classname="tests.MoviePageTest" name="testUpcomingAndNowShowing" time="0.0">
    <skipped/>
  </testcase> <!-- testUpcomingAndNowShowing -->
  <testcase classname="tests.MoviePageTest" name="testMovieSelectRunningMovie" time="0.0">
    <skipped/>
  </testcase> <!-- testMovieSelectRunningMovie -->
</testsuite> <!-- MoviePageTest(failed) -->
