<?xml version="1.0" encoding="UTF-8"?>
<testng-results ignored="0" total="12" passed="12" failed="0" skipped="0">
  <reporter-output>
  </reporter-output>
  <suite started-at="2025-09-05T15:47:48 IST" name="BookMyShow Test Suite" finished-at="2025-09-05T15:52:34 IST" duration-ms="285330">
    <groups>
    </groups>
    <test started-at="2025-09-05T15:47:48 IST" name="BookMyShow Tests" finished-at="2025-09-05T15:52:34 IST" duration-ms="285330">
      <class name="tests.LoginTest">
        <test-method is-config="true" signature="setup(java.lang.String)[pri:0, instance:tests.LoginTest@ee86bcb]" started-at="2025-09-05T15:47:48 IST" name="setup" finished-at="2025-09-05T15:48:40 IST" duration-ms="51599" status="PASS">
          <params>
            <param index="0">
              <value>
                <![CDATA[chrome]]>
              </value>
            </param>
          </params>
          <reporter-output>
          </reporter-output>
        </test-method> <!-- setup -->
        <test-method is-config="true" signature="setupPagesAndSelectCity()[pri:0, instance:tests.LoginTest@ee86bcb]" started-at="2025-09-05T15:48:40 IST" name="setupPagesAndSelectCity" finished-at="2025-09-05T15:48:52 IST" duration-ms="11588" status="PASS">
          <reporter-output>
          </reporter-output>
        </test-method> <!-- setupPagesAndSelectCity -->
        <test-method signature="testLoginUIElements()[pri:0, instance:tests.LoginTest@ee86bcb]" started-at="2025-09-05T15:48:52 IST" name="testLoginUIElements" finished-at="2025-09-05T15:48:54 IST" duration-ms="1853" status="PASS">
          <reporter-output>
          </reporter-output>
        </test-method> <!-- testLoginUIElements -->
        <test-method is-config="true" signature="quitDriver()[pri:0, instance:tests.LoginTest@ee86bcb]" started-at="2025-09-05T15:48:54 IST" name="quitDriver" finished-at="2025-09-05T15:48:54 IST" duration-ms="407" status="PASS">
          <reporter-output>
          </reporter-output>
        </test-method> <!-- quitDriver -->
        <test-method is-config="true" signature="setup(java.lang.String)[pri:0, instance:tests.LoginTest@ee86bcb]" started-at="2025-09-05T15:48:54 IST" name="setup" finished-at="2025-09-05T15:49:02 IST" duration-ms="7958" status="PASS">
          <params>
            <param index="0">
              <value>
                <![CDATA[chrome]]>
              </value>
            </param>
          </params>
          <reporter-output>
          </reporter-output>
        </test-method> <!-- setup -->
        <test-method is-config="true" signature="setupPagesAndSelectCity()[pri:0, instance:tests.LoginTest@ee86bcb]" started-at="2025-09-05T15:49:02 IST" name="setupPagesAndSelectCity" finished-at="2025-09-05T15:49:18 IST" duration-ms="16221" status="PASS">
          <reporter-output>
          </reporter-output>
        </test-method> <!-- setupPagesAndSelectCity -->
        <test-method signature="testLoginWithInvalidMobile()[pri:0, instance:tests.LoginTest@ee86bcb]" started-at="2025-09-05T15:49:18 IST" name="testLoginWithInvalidMobile" finished-at="2025-09-05T15:49:19 IST" duration-ms="1113" status="PASS">
          <reporter-output>
          </reporter-output>
        </test-method> <!-- testLoginWithInvalidMobile -->
        <test-method is-config="true" signature="quitDriver()[pri:0, instance:tests.LoginTest@ee86bcb]" started-at="2025-09-05T15:49:19 IST" name="quitDriver" finished-at="2025-09-05T15:49:20 IST" duration-ms="312" status="PASS">
          <reporter-output>
          </reporter-output>
        </test-method> <!-- quitDriver -->
        <test-method is-config="true" signature="setup(java.lang.String)[pri:0, instance:tests.LoginTest@ee86bcb]" started-at="2025-09-05T15:49:20 IST" name="setup" finished-at="2025-09-05T15:49:35 IST" duration-ms="15486" status="PASS">
          <params>
            <param index="0">
              <value>
                <![CDATA[chrome]]>
              </value>
            </param>
          </params>
          <reporter-output>
          </reporter-output>
        </test-method> <!-- setup -->
        <test-method is-config="true" signature="setupPagesAndSelectCity()[pri:0, instance:tests.LoginTest@ee86bcb]" started-at="2025-09-05T15:49:35 IST" name="setupPagesAndSelectCity" finished-at="2025-09-05T15:49:46 IST" duration-ms="11435" status="PASS">
          <reporter-output>
          </reporter-output>
        </test-method> <!-- setupPagesAndSelectCity -->
        <test-method signature="testLoginWithValidMobile()[pri:0, instance:tests.LoginTest@ee86bcb]" started-at="2025-09-05T15:49:46 IST" name="testLoginWithValidMobile" finished-at="2025-09-05T15:49:48 IST" duration-ms="1798" status="PASS">
          <reporter-output>
          </reporter-output>
        </test-method> <!-- testLoginWithValidMobile -->
        <test-method is-config="true" signature="quitDriver()[pri:0, instance:tests.LoginTest@ee86bcb]" started-at="2025-09-05T15:49:48 IST" name="quitDriver" finished-at="2025-09-05T15:49:49 IST" duration-ms="352" status="PASS">
          <reporter-output>
          </reporter-output>
        </test-method> <!-- quitDriver -->
      </class> <!-- tests.LoginTest -->
      <class name="tests.CityTest">
        <test-method is-config="true" signature="setup(java.lang.String)[pri:0, instance:tests.CityTest@db57326]" started-at="2025-09-05T15:49:49 IST" name="setup" finished-at="2025-09-05T15:49:56 IST" duration-ms="6975" status="PASS">
          <params>
            <param index="0">
              <value>
                <![CDATA[chrome]]>
              </value>
            </param>
          </params>
          <reporter-output>
          </reporter-output>
        </test-method> <!-- setup -->
        <test-method signature="testChangeLocation()[pri:0, instance:tests.CityTest@db57326]" started-at="2025-09-05T15:49:56 IST" name="testChangeLocation" finished-at="2025-09-05T15:50:07 IST" duration-ms="11728" status="PASS">
          <reporter-output>
          </reporter-output>
        </test-method> <!-- testChangeLocation -->
        <test-method is-config="true" signature="quitDriver()[pri:0, instance:tests.CityTest@db57326]" started-at="2025-09-05T15:50:07 IST" name="quitDriver" finished-at="2025-09-05T15:50:08 IST" duration-ms="299" status="PASS">
          <reporter-output>
          </reporter-output>
        </test-method> <!-- quitDriver -->
        <test-method is-config="true" signature="setup(java.lang.String)[pri:0, instance:tests.CityTest@db57326]" started-at="2025-09-05T15:50:08 IST" name="setup" finished-at="2025-09-05T15:50:19 IST" duration-ms="11633" status="PASS">
          <params>
            <param index="0">
              <value>
                <![CDATA[chrome]]>
              </value>
            </param>
          </params>
          <reporter-output>
          </reporter-output>
        </test-method> <!-- setup -->
        <test-method signature="testSearchAndSelectCity()[pri:0, instance:tests.CityTest@db57326]" started-at="2025-09-05T15:50:19 IST" name="testSearchAndSelectCity" finished-at="2025-09-05T15:50:31 IST" duration-ms="11511" status="PASS">
          <reporter-output>
          </reporter-output>
        </test-method> <!-- testSearchAndSelectCity -->
        <test-method is-config="true" signature="quitDriver()[pri:0, instance:tests.CityTest@db57326]" started-at="2025-09-05T15:50:31 IST" name="quitDriver" finished-at="2025-09-05T15:50:31 IST" duration-ms="387" status="PASS">
          <reporter-output>
          </reporter-output>
        </test-method> <!-- quitDriver -->
        <test-method is-config="true" signature="setup(java.lang.String)[pri:0, instance:tests.CityTest@db57326]" started-at="2025-09-05T15:50:31 IST" name="setup" finished-at="2025-09-05T15:50:36 IST" duration-ms="5343" status="PASS">
          <params>
            <param index="0">
              <value>
                <![CDATA[chrome]]>
              </value>
            </param>
          </params>
          <reporter-output>
          </reporter-output>
        </test-method> <!-- setup -->
        <test-method signature="testSelectCityByIcon()[pri:0, instance:tests.CityTest@db57326]" started-at="2025-09-05T15:50:36 IST" name="testSelectCityByIcon" finished-at="2025-09-05T15:50:37 IST" duration-ms="443" status="PASS">
          <reporter-output>
          </reporter-output>
        </test-method> <!-- testSelectCityByIcon -->
        <test-method is-config="true" signature="quitDriver()[pri:0, instance:tests.CityTest@db57326]" started-at="2025-09-05T15:50:37 IST" name="quitDriver" finished-at="2025-09-05T15:50:37 IST" duration-ms="277" status="PASS">
          <reporter-output>
          </reporter-output>
        </test-method> <!-- quitDriver -->
        <test-method is-config="true" signature="setup(java.lang.String)[pri:0, instance:tests.CityTest@db57326]" started-at="2025-09-05T15:50:37 IST" name="setup" finished-at="2025-09-05T15:50:42 IST" duration-ms="4663" status="PASS">
          <params>
            <param index="0">
              <value>
                <![CDATA[chrome]]>
              </value>
            </param>
          </params>
          <reporter-output>
          </reporter-output>
        </test-method> <!-- setup -->
        <test-method signature="testViewAllCities()[pri:0, instance:tests.CityTest@db57326]" started-at="2025-09-05T15:50:42 IST" name="testViewAllCities" finished-at="2025-09-05T15:50:43 IST" duration-ms="909" status="PASS">
          <reporter-output>
          </reporter-output>
        </test-method> <!-- testViewAllCities -->
        <test-method is-config="true" signature="quitDriver()[pri:0, instance:tests.CityTest@db57326]" started-at="2025-09-05T15:50:43 IST" name="quitDriver" finished-at="2025-09-05T15:50:43 IST" duration-ms="317" status="PASS">
          <reporter-output>
          </reporter-output>
        </test-method> <!-- quitDriver -->
      </class> <!-- tests.CityTest -->
      <class name="tests.MovieTest">
        <test-method is-config="true" signature="setup(java.lang.String)[pri:0, instance:tests.MovieTest@34a875b3]" started-at="2025-09-05T15:50:43 IST" name="setup" finished-at="2025-09-05T15:50:51 IST" duration-ms="8075" status="PASS">
          <params>
            <param index="0">
              <value>
                <![CDATA[chrome]]>
              </value>
            </param>
          </params>
          <reporter-output>
          </reporter-output>
        </test-method> <!-- setup -->
        <test-method is-config="true" signature="setupPagesAndSelectCity()[pri:0, instance:tests.MovieTest@34a875b3]" started-at="2025-09-05T15:50:51 IST" name="setupPagesAndSelectCity" finished-at="2025-09-05T15:51:03 IST" duration-ms="11357" status="PASS">
          <reporter-output>
          </reporter-output>
        </test-method> <!-- setupPagesAndSelectCity -->
        <test-method signature="testMovie8SelectRunningMovie()[pri:0, instance:tests.MovieTest@34a875b3]" started-at="2025-09-05T15:51:03 IST" name="testMovie8SelectRunningMovie" finished-at="2025-09-05T15:51:05 IST" duration-ms="2515" status="PASS">
          <reporter-output>
          </reporter-output>
        </test-method> <!-- testMovie8SelectRunningMovie -->
        <test-method is-config="true" signature="quitDriver()[pri:0, instance:tests.MovieTest@34a875b3]" started-at="2025-09-05T15:51:05 IST" name="quitDriver" finished-at="2025-09-05T15:51:05 IST" duration-ms="379" status="PASS">
          <reporter-output>
          </reporter-output>
        </test-method> <!-- quitDriver -->
        <test-method is-config="true" signature="setup(java.lang.String)[pri:0, instance:tests.MovieTest@34a875b3]" started-at="2025-09-05T15:51:05 IST" name="setup" finished-at="2025-09-05T15:51:11 IST" duration-ms="5451" status="PASS">
          <params>
            <param index="0">
              <value>
                <![CDATA[chrome]]>
              </value>
            </param>
          </params>
          <reporter-output>
          </reporter-output>
        </test-method> <!-- setup -->
        <test-method is-config="true" signature="setupPagesAndSelectCity()[pri:0, instance:tests.MovieTest@34a875b3]" started-at="2025-09-05T15:51:11 IST" name="setupPagesAndSelectCity" finished-at="2025-09-05T15:51:22 IST" duration-ms="11347" status="PASS">
          <reporter-output>
          </reporter-output>
        </test-method> <!-- setupPagesAndSelectCity -->
        <test-method signature="testTopMenuNavigation()[pri:0, instance:tests.MovieTest@34a875b3]" started-at="2025-09-05T15:51:22 IST" name="testTopMenuNavigation" finished-at="2025-09-05T15:51:36 IST" duration-ms="13897" status="PASS">
          <reporter-output>
          </reporter-output>
        </test-method> <!-- testTopMenuNavigation -->
        <test-method is-config="true" signature="quitDriver()[pri:0, instance:tests.MovieTest@34a875b3]" started-at="2025-09-05T15:51:36 IST" name="quitDriver" finished-at="2025-09-05T15:51:37 IST" duration-ms="464" status="PASS">
          <reporter-output>
          </reporter-output>
        </test-method> <!-- quitDriver -->
        <test-method is-config="true" signature="setup(java.lang.String)[pri:0, instance:tests.MovieTest@34a875b3]" started-at="2025-09-05T15:51:37 IST" name="setup" finished-at="2025-09-05T15:51:43 IST" duration-ms="5914" status="PASS">
          <params>
            <param index="0">
              <value>
                <![CDATA[chrome]]>
              </value>
            </param>
          </params>
          <reporter-output>
          </reporter-output>
        </test-method> <!-- setup -->
        <test-method is-config="true" signature="setupPagesAndSelectCity()[pri:0, instance:tests.MovieTest@34a875b3]" started-at="2025-09-05T15:51:43 IST" name="setupPagesAndSelectCity" finished-at="2025-09-05T15:51:54 IST" duration-ms="11401" status="PASS">
          <reporter-output>
          </reporter-output>
        </test-method> <!-- setupPagesAndSelectCity -->
        <test-method signature="testUpcomingAndNowShowing()[pri:0, instance:tests.MovieTest@34a875b3]" started-at="2025-09-05T15:51:54 IST" name="testUpcomingAndNowShowing" finished-at="2025-09-05T15:51:57 IST" duration-ms="3250" status="PASS">
          <reporter-output>
          </reporter-output>
        </test-method> <!-- testUpcomingAndNowShowing -->
        <test-method is-config="true" signature="quitDriver()[pri:0, instance:tests.MovieTest@34a875b3]" started-at="2025-09-05T15:51:57 IST" name="quitDriver" finished-at="2025-09-05T15:51:58 IST" duration-ms="384" status="PASS">
          <reporter-output>
          </reporter-output>
        </test-method> <!-- quitDriver -->
      </class> <!-- tests.MovieTest -->
      <class name="tests.GiftCardTest">
        <test-method is-config="true" signature="setup(java.lang.String)[pri:0, instance:tests.GiftCardTest@4b14918a]" started-at="2025-09-05T15:51:58 IST" name="setup" finished-at="2025-09-05T15:52:03 IST" duration-ms="5146" status="PASS">
          <params>
            <param index="0">
              <value>
                <![CDATA[chrome]]>
              </value>
            </param>
          </params>
          <reporter-output>
          </reporter-output>
        </test-method> <!-- setup -->
        <test-method is-config="true" signature="setupPagesAndSelectCity()[pri:0, instance:tests.GiftCardTest@4b14918a]" started-at="2025-09-05T15:52:03 IST" name="setupPagesAndSelectCity" finished-at="2025-09-05T15:52:14 IST" duration-ms="11365" status="PASS">
          <reporter-output>
          </reporter-output>
        </test-method> <!-- setupPagesAndSelectCity -->
        <test-method signature="testGiftCardSection()[pri:0, instance:tests.GiftCardTest@4b14918a]" started-at="2025-09-05T15:52:14 IST" name="testGiftCardSection" finished-at="2025-09-05T15:52:14 IST" duration-ms="371" status="PASS">
          <reporter-output>
          </reporter-output>
        </test-method> <!-- testGiftCardSection -->
        <test-method is-config="true" signature="quitDriver()[pri:0, instance:tests.GiftCardTest@4b14918a]" started-at="2025-09-05T15:52:14 IST" name="quitDriver" finished-at="2025-09-05T15:52:15 IST" duration-ms="376" status="PASS">
          <reporter-output>
          </reporter-output>
        </test-method> <!-- quitDriver -->
        <test-method is-config="true" signature="setup(java.lang.String)[pri:0, instance:tests.GiftCardTest@4b14918a]" started-at="2025-09-05T15:52:15 IST" name="setup" finished-at="2025-09-05T15:52:21 IST" duration-ms="5708" status="PASS">
          <params>
            <param index="0">
              <value>
                <![CDATA[chrome]]>
              </value>
            </param>
          </params>
          <reporter-output>
          </reporter-output>
        </test-method> <!-- setup -->
        <test-method is-config="true" signature="setupPagesAndSelectCity()[pri:0, instance:tests.GiftCardTest@4b14918a]" started-at="2025-09-05T15:52:21 IST" name="setupPagesAndSelectCity" finished-at="2025-09-05T15:52:32 IST" duration-ms="11392" status="PASS">
          <reporter-output>
          </reporter-output>
        </test-method> <!-- setupPagesAndSelectCity -->
        <test-method signature="testInvalidGiftVoucher()[pri:0, instance:tests.GiftCardTest@4b14918a]" started-at="2025-09-05T15:52:32 IST" name="testInvalidGiftVoucher" finished-at="2025-09-05T15:52:33 IST" duration-ms="1445" status="PASS">
          <reporter-output>
          </reporter-output>
        </test-method> <!-- testInvalidGiftVoucher -->
        <test-method is-config="true" signature="quitDriver()[pri:0, instance:tests.GiftCardTest@4b14918a]" started-at="2025-09-05T15:52:33 IST" name="quitDriver" finished-at="2025-09-05T15:52:34 IST" duration-ms="375" status="PASS">
          <reporter-output>
          </reporter-output>
        </test-method> <!-- quitDriver -->
      </class> <!-- tests.GiftCardTest -->
    </test> <!-- BookMyShow Tests -->
  </suite> <!-- BookMyShow Test Suite -->
</testng-results>
