<?xml version="1.0" encoding="UTF-8"?>
<testng-results ignored="0" total="12" passed="12" failed="0" skipped="0">
  <reporter-output>
  </reporter-output>
  <suite started-at="2025-09-11T19:56:04 IST" name="BookMyShow Test Suite" finished-at="2025-09-11T20:00:24 IST" duration-ms="259802">
    <groups>
    </groups>
    <test started-at="2025-09-11T19:56:04 IST" name="BookMyShow Tests on chrome" finished-at="2025-09-11T20:00:24 IST" duration-ms="259802">
      <class name="tests.LoginTest">
        <test-method is-config="true" signature="setup(java.lang.String)[pri:0, instance:tests.LoginTest@ee86bcb]" started-at="2025-09-11T19:56:04 IST" name="setup" finished-at="2025-09-11T19:56:23 IST" duration-ms="19194" status="PASS">
          <params>
            <param index="0">
              <value>
                <![CDATA[chrome]]>
              </value>
            </param>
          </params>
          <reporter-output>
          </reporter-output>
        </test-method> <!-- setup -->
        <test-method is-config="true" signature="SelectCity()[pri:0, instance:tests.LoginTest@ee86bcb]" started-at="2025-09-11T19:56:23 IST" name="SelectCity" finished-at="2025-09-11T19:56:34 IST" duration-ms="10289" status="PASS">
          <reporter-output>
          </reporter-output>
        </test-method> <!-- SelectCity -->
        <test-method signature="testLoginUIElements()[pri:0, instance:tests.LoginTest@ee86bcb]" started-at="2025-09-11T19:56:34 IST" name="testLoginUIElements" finished-at="2025-09-11T19:56:35 IST" duration-ms="1223" status="PASS">
          <reporter-output>
          </reporter-output>
        </test-method> <!-- testLoginUIElements -->
        <test-method is-config="true" signature="quitDriver()[pri:0, instance:tests.LoginTest@ee86bcb]" started-at="2025-09-11T19:56:35 IST" name="quitDriver" finished-at="2025-09-11T19:56:35 IST" duration-ms="365" status="PASS">
          <reporter-output>
          </reporter-output>
        </test-method> <!-- quitDriver -->
        <test-method is-config="true" signature="setup(java.lang.String)[pri:0, instance:tests.LoginTest@ee86bcb]" started-at="2025-09-11T19:56:35 IST" name="setup" finished-at="2025-09-11T19:56:44 IST" duration-ms="8976" status="PASS">
          <params>
            <param index="0">
              <value>
                <![CDATA[chrome]]>
              </value>
            </param>
          </params>
          <reporter-output>
          </reporter-output>
        </test-method> <!-- setup -->
        <test-method is-config="true" signature="SelectCity()[pri:0, instance:tests.LoginTest@ee86bcb]" started-at="2025-09-11T19:56:44 IST" name="SelectCity" finished-at="2025-09-11T19:56:54 IST" duration-ms="10297" status="PASS">
          <reporter-output>
          </reporter-output>
        </test-method> <!-- SelectCity -->
        <test-method signature="testLoginWithInvalidMobile()[pri:0, instance:tests.LoginTest@ee86bcb]" started-at="2025-09-11T19:56:54 IST" name="testLoginWithInvalidMobile" finished-at="2025-09-11T19:56:55 IST" duration-ms="890" status="PASS">
          <reporter-output>
          </reporter-output>
        </test-method> <!-- testLoginWithInvalidMobile -->
        <test-method is-config="true" signature="quitDriver()[pri:0, instance:tests.LoginTest@ee86bcb]" started-at="2025-09-11T19:56:55 IST" name="quitDriver" finished-at="2025-09-11T19:56:56 IST" duration-ms="301" status="PASS">
          <reporter-output>
          </reporter-output>
        </test-method> <!-- quitDriver -->
        <test-method is-config="true" signature="setup(java.lang.String)[pri:0, instance:tests.LoginTest@ee86bcb]" started-at="2025-09-11T19:56:56 IST" name="setup" finished-at="2025-09-11T19:57:05 IST" duration-ms="9092" status="PASS">
          <params>
            <param index="0">
              <value>
                <![CDATA[chrome]]>
              </value>
            </param>
          </params>
          <reporter-output>
          </reporter-output>
        </test-method> <!-- setup -->
        <test-method is-config="true" signature="SelectCity()[pri:0, instance:tests.LoginTest@ee86bcb]" started-at="2025-09-11T19:57:05 IST" name="SelectCity" finished-at="2025-09-11T19:57:15 IST" duration-ms="10287" status="PASS">
          <reporter-output>
          </reporter-output>
        </test-method> <!-- SelectCity -->
        <test-method signature="testLoginWithValidMobile()[pri:0, instance:tests.LoginTest@ee86bcb]" started-at="2025-09-11T19:57:15 IST" name="testLoginWithValidMobile" finished-at="2025-09-11T19:57:16 IST" duration-ms="1343" status="PASS">
          <reporter-output>
          </reporter-output>
        </test-method> <!-- testLoginWithValidMobile -->
        <test-method is-config="true" signature="quitDriver()[pri:0, instance:tests.LoginTest@ee86bcb]" started-at="2025-09-11T19:57:16 IST" name="quitDriver" finished-at="2025-09-11T19:57:17 IST" duration-ms="249" status="PASS">
          <reporter-output>
          </reporter-output>
        </test-method> <!-- quitDriver -->
      </class> <!-- tests.LoginTest -->
      <class name="tests.CityTest">
        <test-method is-config="true" signature="setup(java.lang.String)[pri:0, instance:tests.CityTest@db57326]" started-at="2025-09-11T19:57:17 IST" name="setup" finished-at="2025-09-11T19:57:29 IST" duration-ms="12428" status="PASS">
          <params>
            <param index="0">
              <value>
                <![CDATA[chrome]]>
              </value>
            </param>
          </params>
          <reporter-output>
          </reporter-output>
        </test-method> <!-- setup -->
        <test-method signature="testChangeLocation()[pri:0, instance:tests.CityTest@db57326]" started-at="2025-09-11T19:57:29 IST" name="testChangeLocation" finished-at="2025-09-11T19:57:40 IST" duration-ms="10561" status="PASS">
          <reporter-output>
          </reporter-output>
        </test-method> <!-- testChangeLocation -->
        <test-method is-config="true" signature="quitDriver()[pri:0, instance:tests.CityTest@db57326]" started-at="2025-09-11T19:57:40 IST" name="quitDriver" finished-at="2025-09-11T19:57:40 IST" duration-ms="245" status="PASS">
          <reporter-output>
          </reporter-output>
        </test-method> <!-- quitDriver -->
        <test-method is-config="true" signature="setup(java.lang.String)[pri:0, instance:tests.CityTest@db57326]" started-at="2025-09-11T19:57:40 IST" name="setup" finished-at="2025-09-11T19:57:52 IST" duration-ms="12224" status="PASS">
          <params>
            <param index="0">
              <value>
                <![CDATA[chrome]]>
              </value>
            </param>
          </params>
          <reporter-output>
          </reporter-output>
        </test-method> <!-- setup -->
        <test-method signature="testSearchAndSelectCity()[pri:0, instance:tests.CityTest@db57326]" started-at="2025-09-11T19:57:52 IST" name="testSearchAndSelectCity" finished-at="2025-09-11T19:58:02 IST" duration-ms="10320" status="PASS">
          <reporter-output>
          </reporter-output>
        </test-method> <!-- testSearchAndSelectCity -->
        <test-method is-config="true" signature="quitDriver()[pri:0, instance:tests.CityTest@db57326]" started-at="2025-09-11T19:58:02 IST" name="quitDriver" finished-at="2025-09-11T19:58:03 IST" duration-ms="255" status="PASS">
          <reporter-output>
          </reporter-output>
        </test-method> <!-- quitDriver -->
        <test-method is-config="true" signature="setup(java.lang.String)[pri:0, instance:tests.CityTest@db57326]" started-at="2025-09-11T19:58:03 IST" name="setup" finished-at="2025-09-11T19:58:12 IST" duration-ms="9168" status="PASS">
          <params>
            <param index="0">
              <value>
                <![CDATA[chrome]]>
              </value>
            </param>
          </params>
          <reporter-output>
          </reporter-output>
        </test-method> <!-- setup -->
        <test-method signature="testSelectCityByIcon()[pri:0, instance:tests.CityTest@db57326]" started-at="2025-09-11T19:58:12 IST" name="testSelectCityByIcon" finished-at="2025-09-11T19:58:12 IST" duration-ms="297" status="PASS">
          <reporter-output>
          </reporter-output>
        </test-method> <!-- testSelectCityByIcon -->
        <test-method is-config="true" signature="quitDriver()[pri:0, instance:tests.CityTest@db57326]" started-at="2025-09-11T19:58:12 IST" name="quitDriver" finished-at="2025-09-11T19:58:12 IST" duration-ms="190" status="PASS">
          <reporter-output>
          </reporter-output>
        </test-method> <!-- quitDriver -->
        <test-method is-config="true" signature="setup(java.lang.String)[pri:0, instance:tests.CityTest@db57326]" started-at="2025-09-11T19:58:12 IST" name="setup" finished-at="2025-09-11T19:58:22 IST" duration-ms="9416" status="PASS">
          <params>
            <param index="0">
              <value>
                <![CDATA[chrome]]>
              </value>
            </param>
          </params>
          <reporter-output>
          </reporter-output>
        </test-method> <!-- setup -->
        <test-method signature="testViewAllCities()[pri:0, instance:tests.CityTest@db57326]" started-at="2025-09-11T19:58:22 IST" name="testViewAllCities" finished-at="2025-09-11T19:58:22 IST" duration-ms="558" status="PASS">
          <reporter-output>
          </reporter-output>
        </test-method> <!-- testViewAllCities -->
        <test-method is-config="true" signature="quitDriver()[pri:0, instance:tests.CityTest@db57326]" started-at="2025-09-11T19:58:22 IST" name="quitDriver" finished-at="2025-09-11T19:58:23 IST" duration-ms="238" status="PASS">
          <reporter-output>
          </reporter-output>
        </test-method> <!-- quitDriver -->
      </class> <!-- tests.CityTest -->
      <class name="tests.MovieTest">
        <test-method is-config="true" signature="setup(java.lang.String)[pri:0, instance:tests.MovieTest@34a875b3]" started-at="2025-09-11T19:58:23 IST" name="setup" finished-at="2025-09-11T19:58:32 IST" duration-ms="9035" status="PASS">
          <params>
            <param index="0">
              <value>
                <![CDATA[chrome]]>
              </value>
            </param>
          </params>
          <reporter-output>
          </reporter-output>
        </test-method> <!-- setup -->
        <test-method is-config="true" signature="setupPagesAndSelectCity()[pri:0, instance:tests.MovieTest@34a875b3]" started-at="2025-09-11T19:58:32 IST" name="setupPagesAndSelectCity" finished-at="2025-09-11T19:58:42 IST" duration-ms="10360" status="PASS">
          <reporter-output>
          </reporter-output>
        </test-method> <!-- setupPagesAndSelectCity -->
        <test-method signature="testSelectRunningMovie()[pri:0, instance:tests.MovieTest@34a875b3]" started-at="2025-09-11T19:58:42 IST" name="testSelectRunningMovie" finished-at="2025-09-11T19:58:44 IST" duration-ms="2308" status="PASS">
          <reporter-output>
          </reporter-output>
        </test-method> <!-- testSelectRunningMovie -->
        <test-method is-config="true" signature="quitDriver()[pri:0, instance:tests.MovieTest@34a875b3]" started-at="2025-09-11T19:58:44 IST" name="quitDriver" finished-at="2025-09-11T19:58:45 IST" duration-ms="307" status="PASS">
          <reporter-output>
          </reporter-output>
        </test-method> <!-- quitDriver -->
        <test-method is-config="true" signature="setup(java.lang.String)[pri:0, instance:tests.MovieTest@34a875b3]" started-at="2025-09-11T19:58:45 IST" name="setup" finished-at="2025-09-11T19:58:56 IST" duration-ms="11543" status="PASS">
          <params>
            <param index="0">
              <value>
                <![CDATA[chrome]]>
              </value>
            </param>
          </params>
          <reporter-output>
          </reporter-output>
        </test-method> <!-- setup -->
        <test-method is-config="true" signature="setupPagesAndSelectCity()[pri:0, instance:tests.MovieTest@34a875b3]" started-at="2025-09-11T19:58:56 IST" name="setupPagesAndSelectCity" finished-at="2025-09-11T19:59:06 IST" duration-ms="10273" status="PASS">
          <reporter-output>
          </reporter-output>
        </test-method> <!-- setupPagesAndSelectCity -->
        <test-method signature="testTopMenuNavigate()[pri:0, instance:tests.MovieTest@34a875b3]" started-at="2025-09-11T19:59:06 IST" name="testTopMenuNavigate" finished-at="2025-09-11T19:59:20 IST" duration-ms="13383" status="PASS">
          <reporter-output>
          </reporter-output>
        </test-method> <!-- testTopMenuNavigate -->
        <test-method is-config="true" signature="quitDriver()[pri:0, instance:tests.MovieTest@34a875b3]" started-at="2025-09-11T19:59:20 IST" name="quitDriver" finished-at="2025-09-11T19:59:20 IST" duration-ms="226" status="PASS">
          <reporter-output>
          </reporter-output>
        </test-method> <!-- quitDriver -->
        <test-method is-config="true" signature="setup(java.lang.String)[pri:0, instance:tests.MovieTest@34a875b3]" started-at="2025-09-11T19:59:20 IST" name="setup" finished-at="2025-09-11T19:59:30 IST" duration-ms="10489" status="PASS">
          <params>
            <param index="0">
              <value>
                <![CDATA[chrome]]>
              </value>
            </param>
          </params>
          <reporter-output>
          </reporter-output>
        </test-method> <!-- setup -->
        <test-method is-config="true" signature="setupPagesAndSelectCity()[pri:0, instance:tests.MovieTest@34a875b3]" started-at="2025-09-11T19:59:30 IST" name="setupPagesAndSelectCity" finished-at="2025-09-11T19:59:41 IST" duration-ms="10307" status="PASS">
          <reporter-output>
          </reporter-output>
        </test-method> <!-- setupPagesAndSelectCity -->
        <test-method signature="testUpcomingAndNowShowing()[pri:0, instance:tests.MovieTest@34a875b3]" started-at="2025-09-11T19:59:41 IST" name="testUpcomingAndNowShowing" finished-at="2025-09-11T19:59:43 IST" duration-ms="2663" status="PASS">
          <reporter-output>
          </reporter-output>
        </test-method> <!-- testUpcomingAndNowShowing -->
        <test-method is-config="true" signature="quitDriver()[pri:0, instance:tests.MovieTest@34a875b3]" started-at="2025-09-11T19:59:43 IST" name="quitDriver" finished-at="2025-09-11T19:59:44 IST" duration-ms="291" status="PASS">
          <reporter-output>
          </reporter-output>
        </test-method> <!-- quitDriver -->
      </class> <!-- tests.MovieTest -->
      <class name="tests.GiftCardTest">
        <test-method is-config="true" signature="setup(java.lang.String)[pri:0, instance:tests.GiftCardTest@4b14918a]" started-at="2025-09-11T19:59:44 IST" name="setup" finished-at="2025-09-11T19:59:53 IST" duration-ms="9009" status="PASS">
          <params>
            <param index="0">
              <value>
                <![CDATA[chrome]]>
              </value>
            </param>
          </params>
          <reporter-output>
          </reporter-output>
        </test-method> <!-- setup -->
        <test-method is-config="true" signature="setupPagesAndSelectCity()[pri:0, instance:tests.GiftCardTest@4b14918a]" started-at="2025-09-11T19:59:53 IST" name="setupPagesAndSelectCity" finished-at="2025-09-11T20:00:03 IST" duration-ms="10275" status="PASS">
          <reporter-output>
          </reporter-output>
        </test-method> <!-- setupPagesAndSelectCity -->
        <test-method signature="testGiftCardSection()[pri:0, instance:tests.GiftCardTest@4b14918a]" started-at="2025-09-11T20:00:03 IST" name="testGiftCardSection" finished-at="2025-09-11T20:00:03 IST" duration-ms="491" status="PASS">
          <reporter-output>
          </reporter-output>
        </test-method> <!-- testGiftCardSection -->
        <test-method is-config="true" signature="quitDriver()[pri:0, instance:tests.GiftCardTest@4b14918a]" started-at="2025-09-11T20:00:03 IST" name="quitDriver" finished-at="2025-09-11T20:00:04 IST" duration-ms="255" status="PASS">
          <reporter-output>
          </reporter-output>
        </test-method> <!-- quitDriver -->
        <test-method is-config="true" signature="setup(java.lang.String)[pri:0, instance:tests.GiftCardTest@4b14918a]" started-at="2025-09-11T20:00:04 IST" name="setup" finished-at="2025-09-11T20:00:12 IST" duration-ms="8483" status="PASS">
          <params>
            <param index="0">
              <value>
                <![CDATA[chrome]]>
              </value>
            </param>
          </params>
          <reporter-output>
          </reporter-output>
        </test-method> <!-- setup -->
        <test-method is-config="true" signature="setupPagesAndSelectCity()[pri:0, instance:tests.GiftCardTest@4b14918a]" started-at="2025-09-11T20:00:12 IST" name="setupPagesAndSelectCity" finished-at="2025-09-11T20:00:23 IST" duration-ms="10288" status="PASS">
          <reporter-output>
          </reporter-output>
        </test-method> <!-- setupPagesAndSelectCity -->
        <test-method signature="testInvalidGiftVoucher()[pri:0, instance:tests.GiftCardTest@4b14918a]" started-at="2025-09-11T20:00:23 IST" name="testInvalidGiftVoucher" finished-at="2025-09-11T20:00:24 IST" duration-ms="1130" status="PASS">
          <reporter-output>
          </reporter-output>
        </test-method> <!-- testInvalidGiftVoucher -->
        <test-method is-config="true" signature="quitDriver()[pri:0, instance:tests.GiftCardTest@4b14918a]" started-at="2025-09-11T20:00:24 IST" name="quitDriver" finished-at="2025-09-11T20:00:24 IST" duration-ms="207" status="PASS">
          <reporter-output>
          </reporter-output>
        </test-method> <!-- quitDriver -->
      </class> <!-- tests.GiftCardTest -->
    </test> <!-- BookMyShow Tests on chrome -->
  </suite> <!-- BookMyShow Test Suite -->
</testng-results>
