<?xml version="1.0" encoding="UTF-8"?>
<!-- Generated by org.testng.reporters.JUnitXMLReporter -->
<testsuite ignored="0" hostname="HP" failures="0" tests="12" name="BookMyShow Tests on edge" time="242.326" errors="0" timestamp="2025-09-10T16:43:46 IST">
  <testcase classname="tests.LoginTest" name="testLoginUIElements" time="2.07"/>
  <testcase classname="tests.LoginTest" name="testLoginWithInvalidMobile" time="1.274"/>
  <testcase classname="tests.LoginTest" name="testLoginWithValidMobile" time="2.364"/>
  <testcase classname="tests.CityTest" name="testChangeLocation" time="12.221"/>
  <testcase classname="tests.CityTest" name="testSearchAndSelectCity" time="11.505"/>
  <testcase classname="tests.CityTest" name="testSelectCityByIcon" time="0.824"/>
  <testcase classname="tests.CityTest" name="testViewAllCities" time="1.077"/>
  <testcase classname="tests.MovieTest" name="testMovie8SelectRunningMovie" time="5.094"/>
  <testcase classname="tests.MovieTest" name="testTopMenuNavigation" time="15.084"/>
  <testcase classname="tests.MovieTest" name="testUpcomingAndNowShowing" time="1.704"/>
  <testcase classname="tests.GiftCardTest" name="testGiftCardSection" time="0.416"/>
  <testcase classname="tests.GiftCardTest" name="testInvalidGiftVoucher" time="2.001"/>
</testsuite> <!-- BookMyShow Tests on edge -->
