<?xml version="1.0" encoding="UTF-8"?>
<!-- Generated by org.testng.reporters.JUnitXMLReporter -->
<testsuite ignored="0" hostname="HP" failures="0" tests="12" name="BookMyShow Tests" time="285.33" errors="0" timestamp="2025-09-05T15:52:34 IST">
  <testcase classname="tests.LoginTest" name="testLoginUIElements" time="1.853"/>
  <testcase classname="tests.LoginTest" name="testLoginWithInvalidMobile" time="1.113"/>
  <testcase classname="tests.LoginTest" name="testLoginWithValidMobile" time="1.798"/>
  <testcase classname="tests.CityTest" name="testChangeLocation" time="11.728"/>
  <testcase classname="tests.CityTest" name="testSearchAndSelectCity" time="11.511"/>
  <testcase classname="tests.CityTest" name="testSelectCityByIcon" time="0.443"/>
  <testcase classname="tests.CityTest" name="testViewAllCities" time="0.909"/>
  <testcase classname="tests.MovieTest" name="testMovie8SelectRunningMovie" time="2.515"/>
  <testcase classname="tests.MovieTest" name="testTopMenuNavigation" time="13.897"/>
  <testcase classname="tests.MovieTest" name="testUpcomingAndNowShowing" time="3.25"/>
  <testcase classname="tests.GiftCardTest" name="testGiftCardSection" time="0.371"/>
  <testcase classname="tests.GiftCardTest" name="testInvalidGiftVoucher" time="1.445"/>
</testsuite> <!-- BookMyShow Tests -->
