<?xml version="1.0" encoding="UTF-8"?>
<!-- Generated by org.testng.reporters.JUnitXMLReporter -->
<testsuite ignored="0" hostname="HP" failures="0" tests="12" name="BookMyShow Tests on chrome" time="259.802" errors="0" timestamp="2025-09-11T20:00:24 IST">
  <testcase classname="tests.LoginTest" name="testLoginUIElements" time="1.223"/>
  <testcase classname="tests.LoginTest" name="testLoginWithInvalidMobile" time="0.89"/>
  <testcase classname="tests.LoginTest" name="testLoginWithValidMobile" time="1.343"/>
  <testcase classname="tests.CityTest" name="testChangeLocation" time="10.561"/>
  <testcase classname="tests.CityTest" name="testSearchAndSelectCity" time="10.32"/>
  <testcase classname="tests.CityTest" name="testSelectCityByIcon" time="0.297"/>
  <testcase classname="tests.CityTest" name="testViewAllCities" time="0.558"/>
  <testcase classname="tests.MovieTest" name="testSelectRunningMovie" time="2.308"/>
  <testcase classname="tests.MovieTest" name="testTopMenuNavigate" time="13.383"/>
  <testcase classname="tests.MovieTest" name="testUpcomingAndNowShowing" time="2.663"/>
  <testcase classname="tests.GiftCardTest" name="testGiftCardSection" time="0.491"/>
  <testcase classname="tests.GiftCardTest" name="testInvalidGiftVoucher" time="1.13"/>
</testsuite> <!-- BookMyShow Tests on chrome -->
