<?xml version="1.0" encoding="UTF-8"?>
<!-- Generated by org.testng.reporters.JUnitXMLReporter -->
<testsuite ignored="0" hostname="HP" failures="0" tests="12" name="BookMyShow Tests on firefox" time="292.97" errors="0" timestamp="2025-09-10T16:44:37 IST">
  <testcase classname="tests.LoginTest" name="testLoginUIElements" time="2.111"/>
  <testcase classname="tests.LoginTest" name="testLoginWithInvalidMobile" time="0.817"/>
  <testcase classname="tests.LoginTest" name="testLoginWithValidMobile" time="1.688"/>
  <testcase classname="tests.CityTest" name="testChangeLocation" time="12.129"/>
  <testcase classname="tests.CityTest" name="testSearchAndSelectCity" time="11.683"/>
  <testcase classname="tests.CityTest" name="testSelectCityByIcon" time="0.833"/>
  <testcase classname="tests.CityTest" name="testViewAllCities" time="1.138"/>
  <testcase classname="tests.MovieTest" name="testMovie8SelectRunningMovie" time="6.54"/>
  <testcase classname="tests.MovieTest" name="testTopMenuNavigation" time="12.634"/>
  <testcase classname="tests.MovieTest" name="testUpcomingAndNowShowing" time="2.342"/>
  <testcase classname="tests.GiftCardTest" name="testGiftCardSection" time="0.375"/>
  <testcase classname="tests.GiftCardTest" name="testInvalidGiftVoucher" time="1.246"/>
</testsuite> <!-- BookMyShow Tests on firefox -->
