<?xml version="1.0" encoding="UTF-8"?>
<!-- Generated by org.testng.reporters.JUnitXMLReporter -->
<testsuite ignored="0" hostname="HP" failures="0" tests="4" name="CitySearchTest" time="53.886" errors="0" timestamp="2025-09-11T06:47:57 IST">
  <testcase classname="tests.CityTest" name="testChangeLocation" time="11.979"/>
  <testcase classname="tests.CityTest" name="testSearchAndSelectCity" time="11.456"/>
  <testcase classname="tests.CityTest" name="testSelectCityByIcon" time="0.496"/>
  <testcase classname="tests.CityTest" name="testViewAllCities" time="0.933"/>
</testsuite> <!-- CitySearchTest -->
