<?xml version="1.0" encoding="UTF-8"?>
<!-- Generated by org.testng.reporters.JUnitXMLReporter -->
<testsuite ignored="0" hostname="HP" failures="0" tests="3" name="LoginTest" time="57.578" errors="0" timestamp="2025-09-11T06:47:03 IST">
  <testcase classname="tests.LoginTest" name="testLoginUIElements" time="1.89"/>
  <testcase classname="tests.LoginTest" name="testLoginWithInvalidMobile" time="1.221"/>
  <testcase classname="tests.LoginTest" name="testLoginWithValidMobile" time="1.976"/>
</testsuite> <!-- LoginTest -->
