<?xml version="1.0" encoding="UTF-8"?>
<!-- Generated by org.testng.reporters.JUnitXMLReporter -->
<testsuite ignored="0" hostname="HP" failures="0" tests="3" name="MoviePageTest" time="70.342" errors="0" timestamp="2025-09-11T06:49:42 IST">
  <testcase classname="tests.MovieTest" name="testMovie8SelectRunningMovie" time="2.514"/>
  <testcase classname="tests.MovieTest" name="testTopMenuNavigation" time="15.813"/>
  <testcase classname="tests.MovieTest" name="testUpcomingAndNowShowing" time="1.77"/>
</testsuite> <!-- MoviePageTest -->
